[debug] [2018-09-25T14:48:03.090Z] ----------------------------------------------------------------------
[debug] [2018-09-25T14:48:03.093Z] Command:       C:\Program Files\nodejs\node.exe C:\Users\tobia\AppData\Roaming\npm\node_modules\firebase-tools\bin\firebase serve
[debug] [2018-09-25T14:48:03.093Z] CLI Version:   4.2.1
[debug] [2018-09-25T14:48:03.093Z] Platform:      win32
[debug] [2018-09-25T14:48:03.093Z] Node Version:  v8.11.4
[debug] [2018-09-25T14:48:03.094Z] Time:          Tue Sep 25 2018 16:48:03 GMT+0200 (Romance Daylight Time)
[debug] [2018-09-25T14:48:03.094Z] ----------------------------------------------------------------------
[debug] 
[debug] [2018-09-25T14:48:03.106Z] > command requires scopes: ["email","openid","https://www.googleapis.com/auth/cloudplatformprojects.readonly","https://www.googleapis.com/auth/firebase","https://www.googleapis.com/auth/cloud-platform"]
[debug] [2018-09-25T14:48:03.106Z] > authorizing via signed-in user
[debug] [2018-09-25T14:48:03.109Z] >>> HTTP REQUEST GET https://admin.firebase.com/v1/projects/iot-cloud-216011  
 
[debug] [2018-09-25T14:48:03.814Z] <<< HTTP RESPONSE 200
[debug] [2018-09-25T14:48:03.814Z] >>> HTTP REQUEST GET https://cloudresourcemanager.googleapis.com/v1/projects/iot-cloud-216011  
 
[debug] [2018-09-25T14:48:04.635Z] <<< HTTP RESPONSE 200
[info] 
[info] === Serving from 'C:\Users\tobia\Documents\nodejs\cue-cloud-server-v0.1'...
[info] 
[info] i  functions: Preparing to emulate functions.
[debug] [2018-09-25T14:48:06.231Z] Fetching environment
[debug] [2018-09-25T14:48:06.240Z] >>> HTTP REQUEST GET https://mobilesdk-pa.googleapis.com/v1/projects/1006984432371:getServerAppConfig  
 
[debug] [2018-09-25T14:48:06.243Z] >>> HTTP REQUEST GET https://mobilesdk-pa.googleapis.com/v1/projects/1006984432371/clients/_:getWebAppConfig  
 
[debug] [2018-09-25T14:48:06.476Z] <<< HTTP RESPONSE 200
[debug] [2018-09-25T14:48:06.477Z] Starting @google-cloud/functions-emulator
[debug] [2018-09-25T14:48:06.601Z] <<< HTTP RESPONSE 200
[info] i  hosting[iot-cloud-216011]: Serving hosting files from: public
[info] +  hosting[iot-cloud-216011]: Local server: http://localhost:5000
